14-Jul-21 10:53:33 - This experiment implements TrustRank variant with numbers of movies
14-Jul-21 10:54:41 - Iterations: 1
14-Jul-21 10:54:41 - Iterations: 1
14-Jul-21 10:54:41 - Sampling: 1e-05, Time: 1.0081274509429932
14-Jul-21 10:55:48 - Iterations: 1
14-Jul-21 10:56:24 - Iterations: 150
14-Jul-21 10:56:24 - Sampling: 0.0001, Time: 36.310532093048096
14-Jul-21 10:57:30 - Iterations: 1
14-Jul-21 10:58:31 - Iterations: 150
14-Jul-21 10:58:31 - Sampling: 0.001, Time: 60.95477628707886
14-Jul-21 11:00:10 - Iterations: 19
14-Jul-21 11:04:23 - Iterations: 150
14-Jul-21 11:04:23 - Sampling: 0.01, Time: 283.9696249961853
14-Jul-21 11:30:49 - Iterations: 150
14-Jul-21 11:56:31 - Iterations: 150
14-Jul-21 11:56:31 - Sampling: 0.1, Time: 3042.0405852794647
14-Jul-21 15:17:14 - This experiment implements TrustRank variant with numbers of movies
14-Jul-21 15:17:14 - NumExpr defaulting to 2 threads.
14-Jul-21 15:18:25 - Iterations: 1
14-Jul-21 15:18:26 - Iterations: 1
14-Jul-21 15:18:26 - Sampling: 1e-05, Time: 4.715970993041992
14-Jul-21 15:19:32 - Iterations: 1
14-Jul-21 15:20:21 - Iterations: 150
14-Jul-21 15:20:21 - Sampling: 0.0001, Time: 49.58745551109314
14-Jul-21 15:21:27 - Iterations: 1
14-Jul-21 15:22:33 - Iterations: 150
14-Jul-21 15:22:33 - Sampling: 0.001, Time: 67.12385058403015
14-Jul-21 15:24:11 - Iterations: 19
14-Jul-21 15:28:25 - Iterations: 150
14-Jul-21 15:28:25 - Sampling: 0.01, Time: 285.30077862739563
14-Jul-21 15:54:46 - Iterations: 150
14-Jul-21 16:20:31 - Iterations: 150
14-Jul-21 16:20:32 - Sampling: 0.1, Time: 3045.799327850342
14-Jul-21 16:20:32 - This experiment implements TrustRank variant with numbers of movies
14-Jul-21 16:21:41 - Iterations: 1
14-Jul-21 16:21:41 - Iterations: 1
14-Jul-21 16:21:41 - Sampling: 1e-05, Time: 0.5540871620178223
14-Jul-21 16:22:53 - Iterations: 1
14-Jul-21 16:23:32 - Iterations: 150
14-Jul-21 16:23:32 - Sampling: 0.0001, Time: 39.14241290092468
14-Jul-21 16:24:40 - Iterations: 1
14-Jul-21 16:25:42 - Iterations: 150
14-Jul-21 16:25:42 - Sampling: 0.001, Time: 62.853676080703735
14-Jul-21 16:27:27 - Iterations: 23
14-Jul-21 16:31:34 - Iterations: 150
14-Jul-21 16:31:34 - Sampling: 0.01, Time: 283.72838711738586
14-Jul-21 16:57:44 - Iterations: 150
14-Jul-21 17:23:36 - Iterations: 150
14-Jul-21 17:23:36 - Sampling: 0.1, Time: 3041.0735013484955
14-Jul-21 17:23:36 - This experiment implements TrustRank variant with numbers of movies
14-Jul-21 17:24:47 - Iterations: 1
14-Jul-21 17:24:47 - Iterations: 1
14-Jul-21 17:24:47 - Sampling: 1e-05, Time: 0.5694468021392822
14-Jul-21 17:25:57 - Iterations: 1
14-Jul-21 17:26:35 - Iterations: 150
14-Jul-21 17:26:35 - Sampling: 0.0001, Time: 37.91106915473938
14-Jul-21 17:27:45 - Iterations: 1
14-Jul-21 17:28:47 - Iterations: 150
14-Jul-21 17:28:47 - Sampling: 0.001, Time: 62.7566192150116
14-Jul-21 17:32:09 - Iterations: 83
14-Jul-21 17:36:18 - Iterations: 150
14-Jul-21 17:36:18 - Sampling: 0.01, Time: 381.9761686325073
14-Jul-21 18:02:48 - Iterations: 150
14-Jul-21 18:28:36 - Iterations: 150
14-Jul-21 18:28:36 - Sampling: 0.1, Time: 3058.045457839966
14-Jul-21 19:44:55 - This experiment implements TrustRank variant with numbers of movies
14-Jul-21 19:44:55 - NumExpr defaulting to 2 threads.
14-Jul-21 19:45:51 - Iterations: 1
14-Jul-21 19:45:51 - Iterations: 1
14-Jul-21 19:45:51 - Sampling: 1e-05, Time: 3.7730395793914795
14-Jul-21 19:46:43 - Iterations: 1
14-Jul-21 19:46:43 - Iterations: 1
14-Jul-21 19:46:43 - Sampling: 0.0001, Time: 1.149852991104126
14-Jul-21 19:47:35 - Iterations: 1
14-Jul-21 19:48:43 - Iterations: 150
14-Jul-21 19:48:43 - Sampling: 0.001, Time: 68.275949716568
14-Jul-21 19:51:28 - Iterations: 75
14-Jul-21 19:55:19 - Iterations: 150
14-Jul-21 19:55:19 - Sampling: 0.01, Time: 346.50607466697693
14-Jul-21 20:18:47 - Iterations: 150
14-Jul-21 20:42:16 - Iterations: 150
14-Jul-21 20:42:16 - Sampling: 0.1, Time: 2757.3448004722595
